[debug] [2021-07-27T21:31:39.173Z] ----------------------------------------------------------------------
[debug] [2021-07-27T21:31:39.175Z] Command:       C:\Program Files\nodejs\node.exe C:\Users\sc041311\AppData\Roaming\npm\node_modules\firebase-tools\lib\bin\firebase.js init
[debug] [2021-07-27T21:31:39.175Z] CLI Version:   9.12.1
[debug] [2021-07-27T21:31:39.175Z] Platform:      win32
[debug] [2021-07-27T21:31:39.175Z] Node Version:  v12.16.1
[debug] [2021-07-27T21:31:39.176Z] Time:          Tue Jul 27 2021 17:31:39 GMT-0400 (Eastern Daylight Time)
[debug] [2021-07-27T21:31:39.176Z] ----------------------------------------------------------------------
[debug] 
[debug] [2021-07-27T21:31:39.178Z] >>> [apiv2][query] GET https://firebase-public.firebaseio.com/cli.json [none]
[debug] [2021-07-27T21:31:39.197Z] > command requires scopes: ["email","openid","https://www.googleapis.com/auth/cloudplatformprojects.readonly","https://www.googleapis.com/auth/firebase","https://www.googleapis.com/auth/cloud-platform"]
[debug] [2021-07-27T21:31:39.197Z] > authorizing via signed-in user (ayanchax9088@gmail.com)
[info] 
     ######## #### ########  ######## ########     ###     ######  ########
     ##        ##  ##     ## ##       ##     ##  ##   ##  ##       ##
     ######    ##  ########  ######   ########  #########  ######  ######
     ##        ##  ##    ##  ##       ##     ## ##     ##       ## ##
     ##       #### ##     ## ######## ########  ##     ##  ######  ########

You're about to initialize a Firebase project in this directory:

  C:\Users\sc041311\OneDrive - Cerner Corporation\Desktop\musify-next-2.0\musify-next-plus

Before we get started, keep in mind:

  * You are initializing in an existing Firebase project directory

[debug] [2021-07-27T21:31:40.367Z] <<< [apiv2][status] GET https://firebase-public.firebaseio.com/cli.json 200
[debug] [2021-07-27T21:31:40.368Z] <<< [apiv2][body] GET https://firebase-public.firebaseio.com/cli.json {"cloudBuildErrorAfter":1594252800000,"cloudBuildWarnAfter":1590019200000,"defaultNode10After":1594252800000,"minVersion":"3.0.5","node8DeploysDisabledAfter":1613390400000,"node8RuntimeDisabledAfter":1615809600000,"node8WarnAfter":1600128000000}
